Build started 7/10/2014 2:54:29 AM.
     1>Project "C:\Users\kteynor\Desktop\ctfdemo\Game Physics\Lab_08_MultipleParticles\Lab_08_MultipleParticles.vcxproj" on node 2 (build target(s)).
     1>InitializeBuildStatus:
         Creating "Debug\temp\Lab_08_MultipleParticles.unsuccessfulbuild" because "AlwaysCreate" was specified.
       ClCompile:
         c:\Program Files (x86)\Microsoft Visual Studio 10.0\VC\bin\CL.exe /c /I"C:\Users\kteynor\Desktop\ctfdemo\Game Physics\Lab_08_MultipleParticles\..\..\ExternalDependencies\Qt\include" /I"C:\Users\kteynor\Desktop\ctfdemo\Game Physics\Lab_08_MultipleParticles\..\..\ExternalDependencies\NeumontTools\include" /I"C:\Users\kteynor\Desktop\ctfdemo\Game Physics\Lab_08_MultipleParticles\..\..\ExternalDependencies\glm" /I"C:\Users\kteynor\Desktop\ctfdemo\Game Physics\Lab_08_MultipleParticles\..\..\ExternalDependencies\glew\include" /I"C:\Users\kteynor\Desktop\ctfdemo\Game Physics\Lab_08_MultipleParticles\..\..\ExternalDependencies\Engine\include" /ZI /nologo /W3 /WX- /Od /Oy- /D _MBCS /Gm /EHsc /RTC1 /MDd /GS /fp:precise /Zc:wchar_t /Zc:forScope /Fo"Debug\temp\\" /Fd"Debug\temp\vc100.pdb" /Gd /TP /analyze- /errorReport:prompt Main.cpp MultipleParticlesDemo.cpp
         MultipleParticlesDemo.cpp
         Main.cpp
         Generating Code...
       Link:
         c:\Program Files (x86)\Microsoft Visual Studio 10.0\VC\bin\link.exe /ERRORREPORT:PROMPT /OUT:"C:\Users\kteynor\Desktop\ctfdemo\Game Physics\Lab_08_MultipleParticles\Debug\Lab_08_MultipleParticles.exe" /NOLOGO /LIBPATH:"C:\Users\kteynor\Desktop\ctfdemo\Game Physics\Lab_08_MultipleParticles\..\..\ExternalDependencies\Qt\lib" /LIBPATH:"C:\Users\kteynor\Desktop\ctfdemo\Game Physics\Lab_08_MultipleParticles\..\..\ExternalDependencies\NeumontTools\lib" /LIBPATH:"C:\Users\kteynor\Desktop\ctfdemo\Game Physics\Lab_08_MultipleParticles\..\..\ExternalDependencies\glew\lib" /LIBPATH:"C:\Users\kteynor\Desktop\ctfdemo\Game Physics\Lab_08_MultipleParticles\..\..\ExternalDependencies\Engine\lib" QtCored4.lib QtGuid4.lib QtOpenGLd4.lib NeumontTools.lib glew32.lib openGL32.lib Engine.lib kernel32.lib user32.lib gdi32.lib winspool.lib comdlg32.lib advapi32.lib shell32.lib ole32.lib oleaut32.lib uuid.lib odbc32.lib odbccp32.lib /MANIFEST /ManifestFile:"Debug\temp\Lab_08_MultipleParticles.exe.intermediate.manifest" /MANIFESTUAC:"level='asInvoker' uiAccess='false'" /DEBUG /PDB:"C:\Users\kteynor\Desktop\ctfdemo\Game Physics\Lab_08_MultipleParticles\Debug\Lab_08_MultipleParticles.pdb" /TLBID:1 /DYNAMICBASE /NXCOMPAT /IMPLIB:"C:\Users\kteynor\Desktop\ctfdemo\Game Physics\Lab_08_MultipleParticles\Debug\Lab_08_MultipleParticles.lib" /MACHINE:X86 Debug\temp\Main.obj
         Debug\temp\MultipleParticlesDemo.obj
         Lab_08_MultipleParticles.vcxproj -> C:\Users\kteynor\Desktop\ctfdemo\Game Physics\Lab_08_MultipleParticles\Debug\Lab_08_MultipleParticles.exe
       Manifest:
         C:\Program Files (x86)\Microsoft SDKs\Windows\v7.0A\bin\mt.exe /nologo /verbose /outputresource:"C:\Users\kteynor\Desktop\ctfdemo\Game Physics\Lab_08_MultipleParticles\Debug\Lab_08_MultipleParticles.exe;#1" /manifest Debug\temp\Lab_08_MultipleParticles.exe.intermediate.manifest
       FinalizeBuildStatus:
         Deleting file "Debug\temp\Lab_08_MultipleParticles.unsuccessfulbuild".
         Touching "Debug\temp\Lab_08_MultipleParticles.lastbuildstate".
     1>Done Building Project "C:\Users\kteynor\Desktop\ctfdemo\Game Physics\Lab_08_MultipleParticles\Lab_08_MultipleParticles.vcxproj" (build target(s)).

Build succeeded.

Time Elapsed 00:00:02.66
