Build started 7/10/2014 9:41:38 AM.
     1>Project "C:\Users\kteynor\Desktop\ctfdemo\AI\LevelEditor\LevelEditor.vcxproj" on node 2 (build target(s)).
     1>InitializeBuildStatus:
         Creating "Debug\temp\LevelEditor.unsuccessfulbuild" because "AlwaysCreate" was specified.
       PreBuildEvent:
         CALL "C:\Users\kteynor\Desktop\ctfdemo\AI\LevelEditor\..\..\ExternalDependencies\Qt\QtAutoMOC.exe" "C:\Users\kteynor\Desktop\ctfdemo\AI\LevelEditor\LevelEditor.vcxproj" "C:\Users\kteynor\Desktop\ctfdemo\AI\LevelEditor\..\..\ExternalDependencies\Qt\moc.exe"
         :VCEnd
       ClCompile:
         c:\Program Files (x86)\Microsoft Visual Studio 10.0\VC\bin\CL.exe /c /IC:\Users\kteynor\Desktop\ctfdemo\AI\LevelEditor\..\..\ExternalDependencies\Qt\include /IC:\Users\kteynor\Desktop\ctfdemo\AI\LevelEditor\..\..\ExternalDependencies\NeumontTools\include /IC:\Users\kteynor\Desktop\ctfdemo\AI\LevelEditor\..\..\ExternalDependencies\glm /IC:\Users\kteynor\Desktop\ctfdemo\AI\LevelEditor\..\..\ExternalDependencies\glew\include /IC:\Users\kteynor\Desktop\ctfdemo\AI\LevelEditor\..\..\ExternalDependencies\Engine\include /ZI /nologo /W3 /WX- /Od /Oy- /D _MBCS /Gm /EHsc /RTC1 /MDd /GS /fp:precise /Zc:wchar_t /Zc:forScope /Fo"Debug\temp\\" /Fd"Debug\temp\vc100.pdb" /Gd /TP /analyze- /errorReport:prompt EditorHostWindow.cpp Main.cpp
         Main.cpp
         EditorHostWindow.cpp
     1>c:\users\kteynor\desktop\ctfdemo\ai\leveleditor\editorhostwindow.cpp(279): warning C4482: nonstandard extension used: enum 'Qt::CheckState' used in qualified name
     1>c:\users\kteynor\desktop\ctfdemo\ai\leveleditor\editorhostwindow.cpp(424): warning C4482: nonstandard extension used: enum 'Qt::CheckState' used in qualified name
     1>c:\users\kteynor\desktop\ctfdemo\ai\leveleditor\editorhostwindow.cpp(467): warning C4482: nonstandard extension used: enum 'Qt::Key' used in qualified name
         Generating Code...
       Link:
         c:\Program Files (x86)\Microsoft Visual Studio 10.0\VC\bin\link.exe /ERRORREPORT:PROMPT /OUT:"C:\Users\kteynor\Desktop\ctfdemo\AI\LevelEditor\Debug\LevelEditor.exe" /NOLOGO /LIBPATH:C:\Users\kteynor\Desktop\ctfdemo\AI\LevelEditor\..\..\ExternalDependencies\Qt\lib /LIBPATH:C:\Users\kteynor\Desktop\ctfdemo\AI\LevelEditor\..\..\ExternalDependencies\NeumontTools\lib /LIBPATH:C:\Users\kteynor\Desktop\ctfdemo\AI\LevelEditor\..\..\ExternalDependencies\glew\lib /LIBPATH:C:\Users\kteynor\Desktop\ctfdemo\AI\LevelEditor\..\..\ExternalDependencies\Engine\lib QtCored4.lib QtGuid4.lib QtOpenGLd4.lib NeumontTools.lib glew32.lib openGL32.lib Engine.lib kernel32.lib user32.lib gdi32.lib winspool.lib comdlg32.lib advapi32.lib shell32.lib ole32.lib oleaut32.lib uuid.lib odbc32.lib odbccp32.lib /MANIFEST /ManifestFile:"Debug\temp\LevelEditor.exe.intermediate.manifest" /MANIFESTUAC:"level='asInvoker' uiAccess='false'" /DEBUG /PDB:"C:\Users\kteynor\Desktop\ctfdemo\AI\LevelEditor\Debug\LevelEditor.pdb" /TLBID:1 /DYNAMICBASE /NXCOMPAT /IMPLIB:"C:\Users\kteynor\Desktop\ctfdemo\AI\LevelEditor\Debug\LevelEditor.lib" /MACHINE:X86 Debug\temp\EditorHostWindow.obj
         Debug\temp\Main.obj
         LevelEditor.vcxproj -> C:\Users\kteynor\Desktop\ctfdemo\AI\LevelEditor\Debug\LevelEditor.exe
       Manifest:
         C:\Program Files (x86)\Microsoft SDKs\Windows\v7.0A\bin\mt.exe /nologo /verbose /outputresource:"C:\Users\kteynor\Desktop\ctfdemo\AI\LevelEditor\Debug\LevelEditor.exe;#1" /manifest Debug\temp\LevelEditor.exe.intermediate.manifest
       FinalizeBuildStatus:
         Deleting file "Debug\temp\LevelEditor.unsuccessfulbuild".
         Touching "Debug\temp\LevelEditor.lastbuildstate".
     1>Done Building Project "C:\Users\kteynor\Desktop\ctfdemo\AI\LevelEditor\LevelEditor.vcxproj" (build target(s)).

Build succeeded.

Time Elapsed 00:00:04.11
