Build started 7/15/2014 11:07:33 AM.
     1>Project "C:\Users\kteynor\Desktop\ctfdemo\AI\CaptureTheFlag\CaptureTheFlag.vcxproj" on node 2 (build target(s)).
     1>InitializeBuildStatus:
         Creating "Debug\temp\CaptureTheFlag.unsuccessfulbuild" because "AlwaysCreate" was specified.
       PreBuildEvent:
         CALL "C:\Users\kteynor\Desktop\ctfdemo\AI\CaptureTheFlag\..\..\ExternalDependencies\Qt\QtAutoMOC.exe" "C:\Users\kteynor\Desktop\ctfdemo\AI\CaptureTheFlag\CaptureTheFlag.vcxproj" "C:\Users\kteynor\Desktop\ctfdemo\AI\CaptureTheFlag\..\..\ExternalDependencies\Qt\moc.exe"
         :VCEnd
       ClCompile:
         c:\Program Files (x86)\Microsoft Visual Studio 10.0\VC\bin\CL.exe /c /IC:\Users\kteynor\Desktop\ctfdemo\AI\CaptureTheFlag\..\..\ExternalDependencies\Qt\include /IC:\Users\kteynor\Desktop\ctfdemo\AI\CaptureTheFlag\..\..\ExternalDependencies\NeumontTools\include /IC:\Users\kteynor\Desktop\ctfdemo\AI\CaptureTheFlag\..\..\ExternalDependencies\glm /IC:\Users\kteynor\Desktop\ctfdemo\AI\CaptureTheFlag\..\..\ExternalDependencies\glew\include /IC:\Users\kteynor\Desktop\ctfdemo\AI\CaptureTheFlag\..\..\ExternalDependencies\Engine\include /ZI /nologo /W3 /WX- /Od /Oy- /D _MBCS /Gm /EHsc /RTC1 /MDd /GS /fp:precise /Zc:wchar_t /Zc:forScope /Fo"Debug\temp\\" /Fd"Debug\temp\vc100.pdb" /Gd /TP /analyze- /errorReport:prompt CaptureTheFlag.cpp
         CaptureTheFlag.cpp
       Link:
         c:\Program Files (x86)\Microsoft Visual Studio 10.0\VC\bin\link.exe /ERRORREPORT:PROMPT /OUT:"C:\Users\kteynor\Desktop\ctfdemo\AI\CaptureTheFlag\Debug\CaptureTheFlag.exe" /NOLOGO /LIBPATH:C:\Users\kteynor\Desktop\ctfdemo\AI\CaptureTheFlag\..\..\ExternalDependencies\Qt\lib /LIBPATH:C:\Users\kteynor\Desktop\ctfdemo\AI\CaptureTheFlag\..\..\ExternalDependencies\NeumontTools\lib /LIBPATH:C:\Users\kteynor\Desktop\ctfdemo\AI\CaptureTheFlag\..\..\ExternalDependencies\glew\lib /LIBPATH:C:\Users\kteynor\Desktop\ctfdemo\AI\CaptureTheFlag\..\..\ExternalDependencies\Engine\lib QtCored4.lib QtGuid4.lib QtOpenGLd4.lib NeumontTools.lib glew32.lib openGL32.lib Engine.lib kernel32.lib user32.lib gdi32.lib winspool.lib comdlg32.lib advapi32.lib shell32.lib ole32.lib oleaut32.lib uuid.lib odbc32.lib odbccp32.lib /MANIFEST /ManifestFile:"Debug\temp\CaptureTheFlag.exe.intermediate.manifest" /MANIFESTUAC:"level='asInvoker' uiAccess='false'" /DEBUG /PDB:"C:\Users\kteynor\Desktop\ctfdemo\AI\CaptureTheFlag\Debug\CaptureTheFlag.pdb" /TLBID:1 /DYNAMICBASE /NXCOMPAT /IMPLIB:"C:\Users\kteynor\Desktop\ctfdemo\AI\CaptureTheFlag\Debug\CaptureTheFlag.lib" /MACHINE:X86 Debug\temp\CaptureTheFlag.obj
         Debug\temp\Main.obj
         Debug\temp\Player.obj
         LINK : C:\Users\kteynor\Desktop\ctfdemo\AI\CaptureTheFlag\Debug\CaptureTheFlag.exe not found or not built by the last incremental link; performing full link
         CaptureTheFlag.vcxproj -> C:\Users\kteynor\Desktop\ctfdemo\AI\CaptureTheFlag\Debug\CaptureTheFlag.exe
       Manifest:
         C:\Program Files (x86)\Microsoft SDKs\Windows\v7.0A\bin\mt.exe /nologo /verbose /outputresource:"C:\Users\kteynor\Desktop\ctfdemo\AI\CaptureTheFlag\Debug\CaptureTheFlag.exe;#1" /manifest Debug\temp\CaptureTheFlag.exe.intermediate.manifest
       FinalizeBuildStatus:
         Deleting file "Debug\temp\CaptureTheFlag.unsuccessfulbuild".
         Touching "Debug\temp\CaptureTheFlag.lastbuildstate".
     1>Done Building Project "C:\Users\kteynor\Desktop\ctfdemo\AI\CaptureTheFlag\CaptureTheFlag.vcxproj" (build target(s)).

Build succeeded.

Time Elapsed 00:00:04.02
